f:\sfml\springpendulum\trunk\springpendulum\springpendulum\debug\vc142.pdb
f:\sfml\springpendulum\trunk\springpendulum\springpendulum\debug\vc142.idb
f:\sfml\springpendulum\trunk\springpendulum\springpendulum\debug\vector2d.obj
f:\sfml\springpendulum\trunk\springpendulum\springpendulum\debug\texturemanager.obj
f:\sfml\springpendulum\trunk\springpendulum\springpendulum\debug\soundmanager.obj
f:\sfml\springpendulum\trunk\springpendulum\springpendulum\debug\random.obj
f:\sfml\springpendulum\trunk\springpendulum\springpendulum\debug\paraobject.obj
f:\sfml\springpendulum\trunk\springpendulum\springpendulum\debug\object.obj
f:\sfml\springpendulum\trunk\springpendulum\springpendulum\debug\mousemanager.obj
f:\sfml\springpendulum\trunk\springpendulum\springpendulum\debug\main.obj
f:\sfml\springpendulum\trunk\springpendulum\springpendulum\debug\keyboardmanager.obj
f:\sfml\springpendulum\trunk\springpendulum\springpendulum\debug\helper.obj
f:\sfml\springpendulum\trunk\springpendulum\springpendulum\debug\game.obj
f:\sfml\springpendulum\trunk\springpendulum\springpendulum\debug\fontmanager.obj
f:\sfml\springpendulum\trunk\springpendulum\springpendulum\debug\convert.obj
f:\sfml\springpendulum\trunk\springpendulum\springpendulum\debug\springpendulum.obj
f:\sfml\springpendulum\trunk\springpendulum\debug\springpendulum.exe
f:\sfml\springpendulum\trunk\springpendulum\debug\springpendulum.ilk
f:\sfml\springpendulum\trunk\springpendulum\debug\springpendulum.pdb
f:\sfml\springpendulum\trunk\springpendulum\springpendulum\debug\springpendulum.tlog\cl.command.1.tlog
f:\sfml\springpendulum\trunk\springpendulum\springpendulum\debug\springpendulum.tlog\cl.read.1.tlog
f:\sfml\springpendulum\trunk\springpendulum\springpendulum\debug\springpendulum.tlog\cl.write.1.tlog
f:\sfml\springpendulum\trunk\springpendulum\springpendulum\debug\springpendulum.tlog\link.command.1.tlog
f:\sfml\springpendulum\trunk\springpendulum\springpendulum\debug\springpendulum.tlog\link.read.1.tlog
f:\sfml\springpendulum\trunk\springpendulum\springpendulum\debug\springpendulum.tlog\link.write.1.tlog
